2024-09-19 11:09:10,758:INFO:Data loaded successfully.
2024-09-19 11:09:10,759:INFO:Data loaded successfully in notebook.
2024-09-19 11:09:13,832:INFO:Missing values handled with forward fill.
2024-09-19 11:09:13,840:INFO:Outliers removed using IQR method from numeric columns.
2024-09-19 11:09:13,840:INFO:Data cleaned successfully in notebook.
2024-09-19 11:09:15,917:INFO:Using categorical units to plot a list of strings that are all parsable as floats or dates. If these strings should be plotted as numbers, cast to the appropriate data type before plotting.
2024-09-19 11:09:15,927:INFO:Using categorical units to plot a list of strings that are all parsable as floats or dates. If these strings should be plotted as numbers, cast to the appropriate data type before plotting.
2024-09-19 11:09:16,105:INFO:Promo2 distribution analysis done.
2024-09-19 11:09:19,115:INFO:Competition distance analysis done.
2024-09-19 11:09:21,244:INFO:Store Type distribution analysis done.
2024-09-19 11:09:23,601:INFO:Assortment distribution analysis done.
2024-09-20 13:39:50,191:INFO:Data merged successfully.
2024-09-20 13:39:50,202:INFO:Data loaded successfully in notebook.
2024-09-20 13:40:17,917:INFO:Data cleaned successfully.
2024-09-20 13:40:17,926:INFO:Data cleaned successfully in notebook.
2024-09-20 13:40:40,171:INFO:Using categorical units to plot a list of strings that are all parsable as floats or dates. If these strings should be plotted as numbers, cast to the appropriate data type before plotting.
2024-09-20 13:40:40,431:INFO:Using categorical units to plot a list of strings that are all parsable as floats or dates. If these strings should be plotted as numbers, cast to the appropriate data type before plotting.
2024-09-20 13:40:41,053:INFO:Promo vs Sales analysis done.
2024-09-20 13:40:50,650:INFO:StoreType vs Sales analysis done.
2024-09-20 13:40:59,565:INFO:Competition Distance vs Sales analysis done.
2024-09-20 14:15:40,922:INFO:Data merged successfully.
2024-09-20 14:15:40,935:INFO:Data loaded successfully in notebook.
2024-09-20 14:15:43,962:INFO:Data cleaned successfully.
2024-09-20 14:15:43,969:INFO:Data cleaned successfully in notebook.
2024-09-20 14:16:12,819:INFO:Sales over time analysis done.
2024-09-20 14:20:42,541:INFO:Data merged successfully.
2024-09-20 14:20:42,553:INFO:Data loaded successfully in notebook.
2024-09-20 14:20:45,051:INFO:Data cleaned successfully.
2024-09-20 14:20:45,061:INFO:Data cleaned successfully in notebook.
2024-09-20 14:20:46,939:INFO:Using categorical units to plot a list of strings that are all parsable as floats or dates. If these strings should be plotted as numbers, cast to the appropriate data type before plotting.
2024-09-20 14:20:47,233:INFO:Using categorical units to plot a list of strings that are all parsable as floats or dates. If these strings should be plotted as numbers, cast to the appropriate data type before plotting.
2024-09-20 14:20:47,495:INFO:Promo vs Sales analysis done.
2024-09-20 14:20:51,363:INFO:StoreType vs Sales analysis done.
2024-09-20 14:21:04,540:INFO:Sales over time analysis done.
2024-09-20 14:21:15,870:INFO:Using categorical units to plot a list of strings that are all parsable as floats or dates. If these strings should be plotted as numbers, cast to the appropriate data type before plotting.
2024-09-20 14:21:16,174:INFO:Using categorical units to plot a list of strings that are all parsable as floats or dates. If these strings should be plotted as numbers, cast to the appropriate data type before plotting.
2024-09-20 14:21:16,531:INFO:Sales by day of the week analysis done.
2024-09-20 14:21:29,905:INFO:Using categorical units to plot a list of strings that are all parsable as floats or dates. If these strings should be plotted as numbers, cast to the appropriate data type before plotting.
2024-09-20 14:21:30,239:INFO:Using categorical units to plot a list of strings that are all parsable as floats or dates. If these strings should be plotted as numbers, cast to the appropriate data type before plotting.
2024-09-20 14:21:30,638:INFO:Sales vs Promo by day of the week analysis done.
2024-09-20 14:21:39,379:INFO:Sales by assortment analysis done.
2024-09-20 14:21:48,517:INFO:Sales vs competitor open date analysis done.
2024-09-20 14:28:13,426:INFO:Sales by assortment analysis done.
2024-09-20 14:28:34,760:INFO:Data merged successfully.
2024-09-20 14:28:34,771:INFO:Data loaded successfully in notebook.
2024-09-20 14:28:37,425:INFO:Data cleaned successfully.
2024-09-20 14:28:37,435:INFO:Data cleaned successfully in notebook.
2024-09-20 14:28:39,659:INFO:Using categorical units to plot a list of strings that are all parsable as floats or dates. If these strings should be plotted as numbers, cast to the appropriate data type before plotting.
2024-09-20 14:28:39,987:INFO:Using categorical units to plot a list of strings that are all parsable as floats or dates. If these strings should be plotted as numbers, cast to the appropriate data type before plotting.
2024-09-20 14:28:40,261:INFO:Promo vs Sales analysis done.
2024-09-20 14:28:58,950:INFO:Bar chart for Assortment distribution done.
